2025-05-28 21:26:26,301 - root - INFO - i am in the main method..
2025-05-28 21:26:26,301 - root - INFO - Application Run
2025-05-28 21:26:39,660 - root - INFO - i am in the main method..
2025-05-28 21:26:39,660 - root - INFO - Calling Spark Object
2025-05-28 21:26:39,660 - Get_spark - INFO - get_spark_object spark object started
2025-05-28 21:26:39,660 - Get_spark - INFO - master is local
2025-05-28 21:26:47,471 - Get_spark - INFO - Spark object create...
2025-05-28 21:26:47,471 - root - INFO - Validating Spark object
2025-05-28 21:26:47,471 - Validate - WARNING - Started the get_current_date method...
2025-05-28 21:26:50,733 - Validate - WARNING - current date by using spark is [Row(current_date()=datetime.date(2025, 5, 28))]
2025-05-28 21:26:50,734 - Validate - WARNING - Validation Done, go forward....
2025-05-28 21:26:50,734 - root - INFO - Application Run
2025-05-28 21:38:05,085 - root - INFO - i am in the main method..
2025-05-28 21:38:05,085 - root - INFO - Calling Spark Object
2025-05-28 21:38:05,085 - Get_spark - INFO - get_spark_object spark object started
2025-05-28 21:38:05,085 - Get_spark - INFO - master is local
2025-05-28 21:38:13,055 - Get_spark - INFO - Spark object create...
2025-05-28 21:38:13,055 - root - INFO - Validating Spark object
2025-05-28 21:38:13,055 - Validate - WARNING - Started the get_current_date method...
2025-05-28 21:38:16,177 - Validate - WARNING - current date by using spark is [Row(current_date()=datetime.date(2025, 5, 28))]
2025-05-28 21:38:16,177 - Validate - WARNING - Validation Done, go forward....
2025-05-28 21:38:16,178 - root - INFO - Application Run
2025-05-28 21:39:52,173 - root - INFO - i am in the main method..
2025-05-28 21:39:52,174 - root - INFO - Calling Spark Object
2025-05-28 21:39:52,174 - Get_spark - INFO - get_spark_object spark object started
2025-05-28 21:39:52,174 - Get_spark - INFO - master is local
2025-05-28 21:40:02,495 - Get_spark - INFO - Spark object create...
2025-05-28 21:40:02,495 - root - INFO - Validating Spark object
2025-05-28 21:40:02,495 - Validate - WARNING - Started the get_current_date method...
2025-05-28 21:40:05,501 - Validate - WARNING - current date by using spark is [Row(current_date()=datetime.date(2025, 5, 28))]
2025-05-28 21:40:05,501 - Validate - WARNING - Validation Done, go forward....
2025-05-28 21:40:05,502 - root - INFO - Application Run
2025-05-28 21:41:32,717 - root - INFO - i am in the main method..
2025-05-28 21:41:32,718 - root - INFO - Calling Spark Object
2025-05-28 21:41:32,718 - Get_spark - INFO - get_spark_object spark object started
2025-05-28 21:41:32,718 - Get_spark - INFO - master is local
2025-05-28 21:41:40,172 - Get_spark - INFO - Spark object create...
2025-05-28 21:41:40,172 - root - INFO - Validating Spark object
2025-05-28 21:41:40,172 - Validate - WARNING - Started the get_current_date method...
2025-05-28 21:41:43,230 - Validate - WARNING - current date by using spark is [Row(current_date()=datetime.date(2025, 5, 28))]
2025-05-28 21:41:43,230 - Validate - WARNING - Validation Done, go forward....
2025-05-28 21:41:43,230 - root - INFO - Application Run
2025-05-28 21:49:09,899 - root - INFO - i am in the main method..
2025-05-28 21:49:09,899 - root - INFO - Calling Spark Object
2025-05-28 21:49:09,899 - Get_spark - INFO - get_spark_object spark object started
2025-05-28 21:49:09,899 - Get_spark - INFO - master is local
2025-05-28 21:49:17,993 - Get_spark - INFO - Spark object create...
2025-05-28 21:49:17,993 - root - INFO - Validating Spark object
2025-05-28 21:49:17,993 - Validate - WARNING - Started the get_current_date method...
2025-05-28 21:49:21,074 - Validate - WARNING - current date by using spark is [Row(current_date()=datetime.date(2025, 5, 28))]
2025-05-28 21:49:21,074 - Validate - WARNING - Validation Done, go forward....
2025-05-28 21:49:21,075 - root - INFO - Reading file which is of > json
2025-05-28 21:49:21,075 - root - INFO - Application Run
2025-05-28 22:08:07,964 - root - INFO - i am in the main method..
2025-05-28 22:08:07,964 - root - INFO - Calling Spark Object
2025-05-28 22:08:07,965 - Get_spark - INFO - get_spark_object spark object started
2025-05-28 22:08:07,965 - Get_spark - INFO - master is local
2025-05-28 22:08:16,140 - Get_spark - INFO - Spark object create...
2025-05-28 22:08:16,140 - root - INFO - Validating Spark object
2025-05-28 22:08:16,140 - Validate - WARNING - Started the get_current_date method...
2025-05-28 22:08:20,706 - Validate - WARNING - current date by using spark is [Row(current_date()=datetime.date(2025, 5, 28))]
2025-05-28 22:08:20,706 - Validate - WARNING - Validation Done, go forward....
2025-05-28 22:08:20,706 - root - INFO - Reading file which is of > json
2025-05-28 22:08:20,751 - root - INFO - Application Run
2025-05-28 22:09:11,450 - root - INFO - i am in the main method..
2025-05-28 22:09:11,450 - root - INFO - Calling Spark Object
2025-05-28 22:09:11,451 - Get_spark - INFO - get_spark_object spark object started
2025-05-28 22:09:11,451 - Get_spark - INFO - master is local
2025-05-28 22:09:19,580 - Get_spark - INFO - Spark object create...
2025-05-28 22:09:19,580 - root - INFO - Validating Spark object
2025-05-28 22:09:19,580 - Validate - WARNING - Started the get_current_date method...
2025-05-28 22:09:22,699 - Validate - WARNING - current date by using spark is [Row(current_date()=datetime.date(2025, 5, 28))]
2025-05-28 22:09:22,700 - Validate - WARNING - Validation Done, go forward....
2025-05-28 22:09:22,700 - root - INFO - Reading file which is of > json
2025-05-28 22:09:22,721 - root - INFO - Application Run
2025-05-28 22:11:36,317 - root - INFO - i am in the main method..
2025-05-28 22:11:36,317 - root - INFO - Calling Spark Object
2025-05-28 22:11:36,317 - Get_spark - INFO - get_spark_object spark object started
2025-05-28 22:11:36,317 - Get_spark - INFO - master is local
2025-05-28 22:11:43,967 - Get_spark - INFO - Spark object create...
2025-05-28 22:11:43,967 - root - INFO - Validating Spark object
2025-05-28 22:11:43,967 - Validate - WARNING - Started the get_current_date method...
2025-05-28 22:11:47,199 - Validate - WARNING - current date by using spark is [Row(current_date()=datetime.date(2025, 5, 28))]
2025-05-28 22:11:47,199 - Validate - WARNING - Validation Done, go forward....
2025-05-28 22:11:47,199 - root - INFO - Reading file which is of > json
2025-05-28 22:11:47,223 - root - INFO - Application Run
2025-05-28 22:12:16,884 - root - INFO - i am in the main method..
2025-05-28 22:12:16,884 - root - INFO - Calling Spark Object
2025-05-28 22:12:16,884 - Get_spark - INFO - get_spark_object spark object started
2025-05-28 22:12:16,884 - Get_spark - INFO - master is local
2025-05-28 22:12:24,616 - Get_spark - INFO - Spark object create...
2025-05-28 22:12:24,616 - root - INFO - Validating Spark object
2025-05-28 22:12:24,616 - Validate - WARNING - Started the get_current_date method...
2025-05-28 22:12:27,494 - Validate - WARNING - current date by using spark is [Row(current_date()=datetime.date(2025, 5, 28))]
2025-05-28 22:12:27,495 - Validate - WARNING - Validation Done, go forward....
2025-05-28 22:12:27,495 - root - INFO - Reading file which is of > json
2025-05-28 22:12:27,519 - root - INFO - Application Run
2025-05-28 22:17:21,431 - root - INFO - i am in the main method..
2025-05-28 22:17:21,431 - root - INFO - Calling Spark Object
2025-05-28 22:17:21,432 - Get_spark - INFO - get_spark_object spark object started
2025-05-28 22:17:21,432 - Get_spark - INFO - master is local
2025-05-28 22:17:28,995 - Get_spark - INFO - Spark object create...
2025-05-28 22:17:28,995 - root - INFO - Validating Spark object
2025-05-28 22:17:28,995 - Validate - WARNING - Started the get_current_date method...
2025-05-28 22:17:31,903 - Validate - WARNING - current date by using spark is [Row(current_date()=datetime.date(2025, 5, 28))]
2025-05-28 22:17:31,903 - Validate - WARNING - Validation Done, go forward....
2025-05-28 22:17:31,903 - root - INFO - Reading file which is of > json
2025-05-28 22:17:32,084 - root - INFO - Application Run
2025-05-28 22:22:09,265 - root - INFO - i am in the main method..
2025-05-28 22:22:09,265 - root - INFO - Calling Spark Object
2025-05-28 22:22:09,265 - Get_spark - INFO - get_spark_object spark object started
2025-05-28 22:22:09,265 - Get_spark - INFO - master is local
2025-05-28 22:22:18,149 - Get_spark - INFO - Spark object create...
2025-05-28 22:22:18,149 - root - INFO - Validating Spark object
2025-05-28 22:22:18,149 - Validate - WARNING - Started the get_current_date method...
2025-05-28 22:22:21,197 - Validate - WARNING - current date by using spark is [Row(current_date()=datetime.date(2025, 5, 28))]
2025-05-28 22:22:21,197 - Validate - WARNING - Validation Done, go forward....
2025-05-28 22:22:21,198 - root - INFO - Reading file which is of > json
2025-05-28 22:22:21,332 - root - INFO - Application Run
2025-05-28 22:23:55,637 - root - INFO - i am in the main method..
2025-05-28 22:23:55,637 - root - INFO - Calling Spark Object
2025-05-28 22:23:55,637 - Get_spark - INFO - get_spark_object spark object started
2025-05-28 22:23:55,637 - Get_spark - INFO - master is local
2025-05-28 22:24:02,939 - Get_spark - INFO - Spark object create...
2025-05-28 22:24:02,939 - root - INFO - Validating Spark object
2025-05-28 22:24:02,939 - Validate - WARNING - Started the get_current_date method...
2025-05-28 22:24:05,817 - Validate - WARNING - current date by using spark is [Row(current_date()=datetime.date(2025, 5, 28))]
2025-05-28 22:24:05,818 - Validate - WARNING - Validation Done, go forward....
2025-05-28 22:24:05,818 - root - INFO - Reading file which is of > json
2025-05-28 22:24:07,225 - root - INFO - Displaying the dataframe > DataFrame[Sample: array<struct<Analyser:array<struct<AnalyserName:string,AnalyserType:string,TestRslt:array<struct<DispName:string,TestParamName:string,TstParamAnsMapId:bigint,TstParamId:bigint,Val:string>>>>,ApprovalStatus:string,CCId:bigint,CentreSampleNo:string,ChannelNo:string,EditStauts:string,MilkType:string,NewStatus:string,ProcessName:string,SampleChSrc:bigint,SampleDate:string,SampleNo:bigint,ShiftDesc:string,ShiftTiming:string,TrayNo:bigint>>]
2025-05-28 22:24:10,454 - root - INFO - Application Run
2025-05-28 23:12:22,420 - root - INFO - i am in the main method..
2025-05-28 23:12:22,420 - root - INFO - Calling Spark Object
2025-05-28 23:12:22,420 - Get_spark - INFO - get_spark_object spark object started
2025-05-28 23:12:22,420 - Get_spark - INFO - master is local
2025-05-28 23:12:31,380 - Get_spark - INFO - Spark object create...
2025-05-28 23:12:31,380 - root - INFO - Validating Spark object
2025-05-28 23:12:31,380 - Validate - WARNING - Started the get_current_date method...
2025-05-28 23:12:35,636 - Validate - WARNING - current date by using spark is [Row(current_date()=datetime.date(2025, 5, 28))]
2025-05-28 23:12:35,636 - Validate - WARNING - Validation Done, go forward....
2025-05-28 23:12:35,636 - root - INFO - Reading file which is of > json
2025-05-28 23:12:37,691 - root - INFO - Displaying the dataframe > DataFrame[Sample: array<struct<Analyser:array<struct<AnalyserName:string,AnalyserType:string,TestRslt:array<struct<DispName:string,TestParamName:string,TstParamAnsMapId:bigint,TstParamId:bigint,Val:string>>>>,ApprovalStatus:string,CCId:bigint,CentreSampleNo:string,ChannelNo:string,EditStauts:string,MilkType:string,NewStatus:string,ProcessName:string,SampleChSrc:bigint,SampleDate:string,SampleNo:bigint,ShiftDesc:string,ShiftTiming:string,TrayNo:bigint>>]
2025-05-28 23:12:41,679 - root - INFO - Application Run
2025-05-28 23:12:48,639 - root - INFO - i am in the main method..
2025-05-28 23:12:48,639 - root - INFO - Calling Spark Object
2025-05-28 23:12:48,639 - Get_spark - INFO - get_spark_object spark object started
2025-05-28 23:12:48,639 - Get_spark - INFO - master is local
2025-05-28 23:12:58,326 - Get_spark - INFO - Spark object create...
2025-05-28 23:12:58,326 - root - INFO - Validating Spark object
2025-05-28 23:12:58,326 - Validate - WARNING - Started the get_current_date method...
2025-05-28 23:13:01,795 - Validate - WARNING - current date by using spark is [Row(current_date()=datetime.date(2025, 5, 28))]
2025-05-28 23:13:01,795 - Validate - WARNING - Validation Done, go forward....
2025-05-28 23:13:01,796 - root - INFO - Reading file which is of > json
2025-05-28 23:13:01,820 - root - INFO - Application Run
2025-05-28 23:13:50,732 - root - INFO - i am in the main method..
2025-05-28 23:13:50,733 - root - INFO - Calling Spark Object
2025-05-28 23:13:50,733 - Get_spark - INFO - get_spark_object spark object started
2025-05-28 23:13:50,733 - Get_spark - INFO - master is local
2025-05-28 23:13:59,606 - Get_spark - INFO - Spark object create...
2025-05-28 23:13:59,606 - root - INFO - Validating Spark object
2025-05-28 23:13:59,606 - Validate - WARNING - Started the get_current_date method...
2025-05-28 23:14:02,878 - Validate - WARNING - current date by using spark is [Row(current_date()=datetime.date(2025, 5, 28))]
2025-05-28 23:14:02,878 - Validate - WARNING - Validation Done, go forward....
2025-05-28 23:14:02,878 - root - INFO - Reading file which is of > json
2025-05-28 23:14:04,369 - root - INFO - Displaying the dataframe > DataFrame[Sample: array<struct<Analyser:array<struct<AnalyserName:string,AnalyserType:string,TestRslt:array<struct<DispName:string,TestParamName:string,TstParamAnsMapId:bigint,TstParamId:bigint,Val:string>>>>,ApprovalStatus:string,CCId:bigint,CentreSampleNo:string,ChannelNo:string,EditStauts:string,MilkType:string,NewStatus:string,ProcessName:string,SampleChSrc:bigint,SampleDate:string,SampleNo:bigint,ShiftDesc:string,ShiftTiming:string,TrayNo:bigint>>]
2025-05-28 23:14:07,629 - root - INFO - Application Run
2025-05-28 23:15:14,714 - root - INFO - i am in the main method..
2025-05-28 23:15:14,714 - root - INFO - Calling Spark Object
2025-05-28 23:15:14,715 - Get_spark - INFO - get_spark_object spark object started
2025-05-28 23:15:14,715 - Get_spark - INFO - master is local
2025-05-28 23:15:23,375 - Get_spark - INFO - Spark object create...
2025-05-28 23:15:23,375 - root - INFO - Validating Spark object
2025-05-28 23:15:23,375 - Validate - WARNING - Started the get_current_date method...
2025-05-28 23:15:26,622 - Validate - WARNING - current date by using spark is [Row(current_date()=datetime.date(2025, 5, 28))]
2025-05-28 23:15:26,622 - Validate - WARNING - Validation Done, go forward....
2025-05-28 23:15:26,623 - root - INFO - Reading file which is of > json
2025-05-28 23:15:28,324 - root - INFO - Displaying the dataframe > DataFrame[Sample: array<struct<Analyser:array<struct<AnalyserName:string,AnalyserType:string,TestRslt:array<struct<DispName:string,TestParamName:string,TstParamAnsMapId:bigint,TstParamId:bigint,Val:string>>>>,ApprovalStatus:string,CCId:bigint,CentreSampleNo:string,ChannelNo:string,EditStauts:string,MilkType:string,NewStatus:string,ProcessName:string,SampleChSrc:bigint,SampleDate:string,SampleNo:bigint,ShiftDesc:string,ShiftTiming:string,TrayNo:bigint>>]
2025-05-28 23:15:31,761 - root - INFO - Application Run
2025-05-28 23:15:54,002 - root - INFO - i am in the main method..
2025-05-28 23:15:54,002 - root - INFO - Calling Spark Object
2025-05-28 23:15:54,002 - Get_spark - INFO - get_spark_object spark object started
2025-05-28 23:15:54,002 - Get_spark - INFO - master is local
2025-05-28 23:16:03,103 - Get_spark - INFO - Spark object create...
2025-05-28 23:16:03,103 - root - INFO - Validating Spark object
2025-05-28 23:16:03,103 - Validate - WARNING - Started the get_current_date method...
2025-05-28 23:16:08,392 - Validate - WARNING - current date by using spark is [Row(current_date()=datetime.date(2025, 5, 28))]
2025-05-28 23:16:08,393 - Validate - WARNING - Validation Done, go forward....
2025-05-28 23:16:08,395 - root - INFO - Reading file which is of > json
2025-05-28 23:16:12,954 - root - INFO - Displaying the dataframe > DataFrame[Sample: array<struct<Analyser:array<struct<AnalyserName:string,AnalyserType:string,TestRslt:array<struct<DispName:string,TestParamName:string,TstParamAnsMapId:bigint,TstParamId:bigint,Val:string>>>>,ApprovalStatus:string,CCId:bigint,CentreSampleNo:string,ChannelNo:string,EditStauts:string,MilkType:string,NewStatus:string,ProcessName:string,SampleChSrc:bigint,SampleDate:string,SampleNo:bigint,ShiftDesc:string,ShiftTiming:string,TrayNo:bigint>>]
2025-05-28 23:16:23,012 - root - INFO - Application Run
2025-05-28 23:26:52,299 - root - INFO - i am in the main method..
2025-05-28 23:26:52,299 - root - INFO - Calling Spark Object
2025-05-28 23:26:52,299 - Get_spark - INFO - get_spark_object spark object started
2025-05-28 23:26:52,299 - Get_spark - INFO - master is local
2025-05-28 23:27:01,472 - Get_spark - INFO - Spark object create...
2025-05-28 23:27:01,472 - root - INFO - Validating Spark object
2025-05-28 23:27:01,472 - Validate - WARNING - Started the get_current_date method...
2025-05-28 23:27:04,721 - Validate - WARNING - current date by using spark is [Row(current_date()=datetime.date(2025, 5, 28))]
2025-05-28 23:27:04,721 - Validate - WARNING - Validation Done, go forward....
2025-05-28 23:27:04,721 - root - INFO - Reading file which is of > json
2025-05-28 23:27:06,258 - root - INFO - Displaying the dataframe > DataFrame[Sample: array<struct<Analyser:array<struct<AnalyserName:string,AnalyserType:string,TestRslt:array<struct<DispName:string,TestParamName:string,TstParamAnsMapId:bigint,TstParamId:bigint,Val:string>>>>,ApprovalStatus:string,CCId:bigint,CentreSampleNo:string,ChannelNo:string,EditStauts:string,MilkType:string,NewStatus:string,ProcessName:string,SampleChSrc:bigint,SampleDate:string,SampleNo:bigint,ShiftDesc:string,ShiftTiming:string,TrayNo:bigint>>]
2025-05-28 23:27:10,933 - root - INFO - Application Run
2025-05-28 23:28:01,863 - root - INFO - i am in the main method..
2025-05-28 23:28:01,863 - root - INFO - Calling Spark Object
2025-05-28 23:28:01,863 - Get_spark - INFO - get_spark_object spark object started
2025-05-28 23:28:01,863 - Get_spark - INFO - master is local
2025-05-28 23:28:10,375 - Get_spark - INFO - Spark object create...
2025-05-28 23:28:10,376 - root - INFO - Validating Spark object
2025-05-28 23:28:10,376 - Validate - WARNING - Started the get_current_date method...
2025-05-28 23:28:13,784 - Validate - WARNING - current date by using spark is [Row(current_date()=datetime.date(2025, 5, 28))]
2025-05-28 23:28:13,784 - Validate - WARNING - Validation Done, go forward....
2025-05-28 23:28:13,785 - root - INFO - Reading file which is of > json
2025-05-28 23:28:15,374 - root - INFO - Displaying the dataframe > DataFrame[Sample: array<struct<Analyser:array<struct<AnalyserName:string,AnalyserType:string,TestRslt:array<struct<DispName:string,TestParamName:string,TstParamAnsMapId:bigint,TstParamId:bigint,Val:string>>>>,ApprovalStatus:string,CCId:bigint,CentreSampleNo:string,ChannelNo:string,EditStauts:string,MilkType:string,NewStatus:string,ProcessName:string,SampleChSrc:bigint,SampleDate:string,SampleNo:bigint,ShiftDesc:string,ShiftTiming:string,TrayNo:bigint>>]
2025-05-28 23:28:19,803 - root - INFO - Application Run
2025-05-28 23:30:49,113 - root - INFO - i am in the main method..
2025-05-28 23:30:49,114 - root - INFO - Calling Spark Object
2025-05-28 23:30:49,114 - Get_spark - INFO - get_spark_object spark object started
2025-05-28 23:30:49,114 - Get_spark - INFO - master is local
2025-05-28 23:31:02,806 - Get_spark - INFO - Spark object create...
2025-05-28 23:31:02,806 - root - INFO - Validating Spark object
2025-05-28 23:31:02,806 - Validate - WARNING - Started the get_current_date method...
2025-05-28 23:31:11,395 - Validate - WARNING - current date by using spark is [Row(current_date()=datetime.date(2025, 5, 28))]
2025-05-28 23:31:11,395 - Validate - WARNING - Validation Done, go forward....
2025-05-28 23:31:11,396 - root - INFO - Reading file which is of > json
2025-05-28 23:31:15,906 - root - INFO - Displaying the dataframe > DataFrame[Sample: array<struct<Analyser:array<struct<AnalyserName:string,AnalyserType:string,TestRslt:array<struct<DispName:string,TestParamName:string,TstParamAnsMapId:bigint,TstParamId:bigint,Val:string>>>>,ApprovalStatus:string,CCId:bigint,CentreSampleNo:string,ChannelNo:string,EditStauts:string,MilkType:string,NewStatus:string,ProcessName:string,SampleChSrc:bigint,SampleDate:string,SampleNo:bigint,ShiftDesc:string,ShiftTiming:string,TrayNo:bigint>>]
2025-05-28 23:31:21,613 - root - INFO - Dataframe validation Count...
2025-05-28 23:31:22,637 - root - INFO - Application Run
